0 info it worked if it ends with ok
1 verbose cli [ 'D:\\git\\medical\\src\\main\\webpackage\\node.exe',
1 verbose cli   'D:\\git\\medical\\src\\main\\webpackage\\node_modules\\npm\\bin\\npm-cli.js',
1 verbose cli   'run',
1 verbose cli   'dev' ]
2 info using npm@3.10.10
3 info using node@v6.10.3
4 verbose run-script [ 'predev', 'dev', 'postdev' ]
5 info lifecycle configcenter@0.1.1~predev: configcenter@0.1.1
6 silly lifecycle configcenter@0.1.1~predev: no script for predev, continuing
7 info lifecycle configcenter@0.1.1~dev: configcenter@0.1.1
8 verbose lifecycle configcenter@0.1.1~dev: unsafe-perm in lifecycle true
9 verbose lifecycle configcenter@0.1.1~dev: PATH: D:\git\medical\src\main\webpackage\node_modules\npm\bin\node-gyp-bin;D:\git\medical\src\main\webpackage\node_modules\.bin;C:\windows\system32;C:\windows;C:\windows\System32\Wbem;C:\windows\System32\WindowsPowerShell\v1.0\;C:\Program Files\TortoiseSVN\bin;C:\Program Files\nodejs\;C:\Java\jdk1.7.0_71\bin;C:\maven\bin;C:\Git\cmd;.;C:\Java\jdk1.7.0_71\bin;C:\Users\yi.dai\AppData\Roaming\npm;D:\apache-maven-3.0.4\bin;C:\Tomcat 7.0\lib;C:\Tomcat 7.0\bin;;D:\Microsoft VS Code\bin
10 verbose lifecycle configcenter@0.1.1~dev: CWD: D:\git\medical\src\main\webpackage
11 silly lifecycle configcenter@0.1.1~dev: Args: [ '/d /s /c',
11 silly lifecycle   'SET NODE_ENV=development&&webpack-dev-server --devtool eval --progress --watch --colors' ]
12 verbose stack Error: kill ENOSYS
12 verbose stack     at exports._errnoException (util.js:1018:11)
12 verbose stack     at process.kill (internal/process.js:190:13)
12 verbose stack     at process.listener (D:\git\medical\src\main\webpackage\node_modules\npm\node_modules\npmlog\node_modules\gauge\node_modules\signal-exit\index.js:86:15)
12 verbose stack     at emitNone (events.js:91:20)
12 verbose stack     at process.emit (events.js:185:7)
12 verbose stack     at processEmit (D:\git\medical\src\main\webpackage\node_modules\npm\node_modules\npmlog\node_modules\gauge\node_modules\signal-exit\index.js:146:32)
12 verbose stack     at processEmit (D:\git\medical\src\main\webpackage\node_modules\npm\node_modules\npm-registry-client\node_modules\npmlog\node_modules\gauge\node_modules\signal-exit\index.js:146:32)
12 verbose stack     at Signal.wrap.onsignal (internal/process.js:217:44)
13 verbose cwd D:\git\medical\src\main\webpackage
14 error Windows_NT 6.1.7601
15 error argv "D:\\git\\medical\\src\\main\\webpackage\\node.exe" "D:\\git\\medical\\src\\main\\webpackage\\node_modules\\npm\\bin\\npm-cli.js" "run" "dev"
16 error node v6.10.3
17 error npm  v3.10.10
18 error code ENOSYS
19 error errno ENOSYS
20 error syscall kill
21 error kill ENOSYS
22 error If you need help, you may report this error at:
22 error     <https://github.com/npm/npm/issues>
23 verbose exit [ 1, true ]
